<?xml version="1.0" encoding="UTF-8"?>
<!-- Generated by org.testng.reporters.JUnitXMLReporter -->
<testsuite ignored="0" hostname="MS" failures="0" tests="2" name="SubmitOrder Test" time="48.628" errors="0" timestamp="26 Jan 2024 07:28:50 GMT">
  <testcase classname="Project2024.SeleniumFrameWork.StandAloneTest" name="submitOrderTest" time="17.893"/>
  <testcase classname="Project2024.SeleniumFrameWork.StandAloneTest" name="VerifyOrderHistroy" time="3.403"/>
</testsuite> <!-- SubmitOrder Test -->
