<?xml version="1.0" encoding="UTF-8"?>
<!-- Generated by org.testng.reporters.JUnitXMLReporter -->
<testsuite ignored="1" hostname="MS" failures="0" tests="2" name="PurchaseOrderHashMap Test" time="50.179" errors="0" timestamp="18 Jan 2024 03:45:35 GMT">
  <testcase classname="Project2024.SeleniumFrameWork.PurchaseOrderHashMapTest" name="submitOrderTest" time="6.986"/>
  <testcase classname="Project2024.SeleniumFrameWork.PurchaseOrderHashMapTest" name="submitOrderTest" time="18.997"/>
  <testcase classname="Project2024.SeleniumFrameWork.PurchaseOrderHashMapTest" name="VerifyOrderHistroy" time="0.0">
    <ignored/>
  </testcase> <!-- VerifyOrderHistroy -->
</testsuite> <!-- PurchaseOrderHashMap Test -->
