<?xml version="1.0" encoding="UTF-8"?>
<!-- Generated by org.testng.reporters.JUnitXMLReporter -->
<testsuite ignored="2" hostname="MS" failures="0" tests="0" time="0.007" errors="0" timestamp="23 Jan 2024 03:12:09 GMT">
  <testcase classname="Project2024.SeleniumFrameWork.StandAloneTest" name="submitOrderTest" time="0.0">
    <ignored/>
  </testcase> <!-- submitOrderTest -->
  <testcase classname="Project2024.SeleniumFrameWork.StandAloneTest" name="VerifyOrderHistroy" time="0.0">
    <ignored/>
  </testcase> <!-- VerifyOrderHistroy -->
</testsuite>
